Using pre-set license
Built from '2021.2/staging' branch; Version is '2021.2.19f1 (602ecdbb2fb0) revision 6303437'; Using compiler version '192829333'; Build Type 'Release'
OS: 'Windows 10  (10.0.19044) 64bit Core' Language: 'es' Physical Memory: 32694 MB
BatchMode: 1, IsHumanControllingUs: 0, StartBugReporterOnCrash: 0, Is64bit: 1, IsPro: 1

COMMAND LINE ARGUMENTS:
C:\Program Files\Unity\Hub\Editor\2021.2.19f1\Editor\Unity.exe
-adb2
-batchMode
-noUpm
-name
AssetImportWorker0
-projectPath
C:/Users/Franco/Desktop/Unab/Anim3D/Anim3D/WonejoAnim3D
-logFile
Logs/AssetImportWorker0.log
-srvPort
55237
Successfully changed project path to: C:/Users/Franco/Desktop/Unab/Anim3D/Anim3D/WonejoAnim3D
C:/Users/Franco/Desktop/Unab/Anim3D/Anim3D/WonejoAnim3D
[UnityMemory] Configuration Parameters - Can be set up in boot.config
    "memorysetup-bucket-allocator-granularity=16"
    "memorysetup-bucket-allocator-bucket-count=8"
    "memorysetup-bucket-allocator-block-size=33554432"
    "memorysetup-bucket-allocator-block-count=8"
    "memorysetup-main-allocator-block-size=16777216"
    "memorysetup-thread-allocator-block-size=16777216"
    "memorysetup-gfx-main-allocator-block-size=16777216"
    "memorysetup-gfx-thread-allocator-block-size=16777216"
    "memorysetup-cache-allocator-block-size=4194304"
    "memorysetup-typetree-allocator-block-size=2097152"
    "memorysetup-profiler-bucket-allocator-granularity=16"
    "memorysetup-profiler-bucket-allocator-bucket-count=8"
    "memorysetup-profiler-bucket-allocator-block-size=33554432"
    "memorysetup-profiler-bucket-allocator-block-count=8"
    "memorysetup-profiler-allocator-block-size=16777216"
    "memorysetup-profiler-editor-allocator-block-size=1048576"
    "memorysetup-temp-allocator-size-main=16777216"
    "memorysetup-job-temp-allocator-block-size=2097152"
    "memorysetup-job-temp-allocator-block-size-background=1048576"
    "memorysetup-job-temp-allocator-reduction-small-platforms=262144"
    "memorysetup-temp-allocator-size-background-worker=32768"
    "memorysetup-temp-allocator-size-job-worker=262144"
    "memorysetup-temp-allocator-size-preload-manager=33554432"
    "memorysetup-temp-allocator-size-nav-mesh-worker=65536"
    "memorysetup-temp-allocator-size-audio-worker=65536"
    "memorysetup-temp-allocator-size-cloud-worker=32768"
    "memorysetup-temp-allocator-size-gi-baking-worker=262144"
    "memorysetup-temp-allocator-size-gfx=262144"
Refreshing native plugins compatible for Editor in 66.87 ms, found 3 plugins.
Preloading 0 native plugins for Editor in 0.00 ms.
Initialize engine version: 2021.2.19f1 (602ecdbb2fb0)
[Subsystems] Discovering subsystems at path C:/Program Files/Unity/Hub/Editor/2021.2.19f1/Editor/Data/Resources/UnitySubsystems
[Subsystems] Discovering subsystems at path C:/Users/Franco/Desktop/Unab/Anim3D/Anim3D/WonejoAnim3D/Assets
GfxDevice: creating device client; threaded=0; jobified=0
Direct3D:
    Version:  Direct3D 11.0 [level 11.1]
    Renderer: NVIDIA GeForce RTX 3070 (ID=0x2488)
    Vendor:   NVIDIA
    VRAM:     8031 MB
    Driver:   31.0.15.2698
Initialize mono
Mono path[0] = 'C:/Program Files/Unity/Hub/Editor/2021.2.19f1/Editor/Data/Managed'
Mono path[1] = 'C:/Program Files/Unity/Hub/Editor/2021.2.19f1/Editor/Data/MonoBleedingEdge/lib/mono/unityjit-win32'
Mono config path = 'C:/Program Files/Unity/Hub/Editor/2021.2.19f1/Editor/Data/MonoBleedingEdge/etc'
Using monoOptions --debugger-agent=transport=dt_socket,embedding=1,server=y,suspend=n,address=127.0.0.1:56104
Begin MonoManager ReloadAssembly
Registering precompiled unity dll's ...
Register platform support module: C:/Program Files/Unity/Hub/Editor/2021.2.19f1/Editor/Data/PlaybackEngines/WindowsStandaloneSupport/UnityEditor.WindowsStandalone.Extensions.dll
Registered in 0.005555 seconds.
Native extension for WindowsStandalone target not found
Refreshing native plugins compatible for Editor in 63.45 ms, found 3 plugins.
Preloading 0 native plugins for Editor in 0.00 ms.
Mono: successfully reloaded assembly
- Completed reload, in  0.508 seconds
Domain Reload Profiling:
	ReloadAssembly (508ms)
		BeginReloadAssembly (57ms)
			ExecutionOrderSort (0ms)
			DisableScriptedObjects (0ms)
			BackupInstance (0ms)
			ReleaseScriptingObjects (0ms)
			CreateAndSetChildDomain (1ms)
		EndReloadAssembly (368ms)
			LoadAssemblies (55ms)
			RebuildTransferFunctionScriptingTraits (0ms)
			SetupTypeCache (75ms)
			ReleaseScriptCaches (0ms)
			RebuildScriptCaches (26ms)
			SetupLoadedEditorAssemblies (227ms)
				LogAssemblyErrors (0ms)
				InitializePlatformSupportModulesInManaged (7ms)
				SetLoadedEditorAssemblies (0ms)
				RefreshPlugins (64ms)
				BeforeProcessingInitializeOnLoad (1ms)
				ProcessInitializeOnLoadAttributes (116ms)
				ProcessInitializeOnLoadMethodAttributes (39ms)
				AfterProcessingInitializeOnLoad (0ms)
				EditorAssembliesLoaded (0ms)
			ExecutionOrderSort2 (0ms)
			AwakeInstancesAfterBackupRestoration (0ms)
Platform modules already initialized, skipping
Registering precompiled user dll's ...
Registered in 0.004198 seconds.
Begin MonoManager ReloadAssembly
Symbol file LoadedFromMemory doesn't match image C:\Users\Franco\Desktop\Unab\Anim3D\Anim3D\WonejoAnim3D\Library\PackageCache\com.unity.visualscripting@1.7.6\Editor\VisualScripting.Core\Dependencies\YamlDotNet\Unity.VisualScripting.YamlDotNet.dll
Symbol file LoadedFromMemory is not a mono symbol file
Symbol file LoadedFromMemory doesn't match image C:\Users\Franco\Desktop\Unab\Anim3D\Anim3D\WonejoAnim3D\Library\PackageCache\com.unity.visualscripting@1.7.6\Editor\VisualScripting.Core\Dependencies\DotNetZip\Unity.VisualScripting.IonicZip.dll
Native extension for WindowsStandalone target not found
Refreshing native plugins compatible for Editor in 0.62 ms, found 3 plugins.
Preloading 0 native plugins for Editor in 0.00 ms.
Mono: successfully reloaded assembly
- Completed reload, in  0.796 seconds
Domain Reload Profiling:
	ReloadAssembly (796ms)
		BeginReloadAssembly (116ms)
			ExecutionOrderSort (0ms)
			DisableScriptedObjects (4ms)
			BackupInstance (0ms)
			ReleaseScriptingObjects (0ms)
			CreateAndSetChildDomain (25ms)
		EndReloadAssembly (592ms)
			LoadAssemblies (75ms)
			RebuildTransferFunctionScriptingTraits (0ms)
			SetupTypeCache (179ms)
			ReleaseScriptCaches (1ms)
			RebuildScriptCaches (36ms)
			SetupLoadedEditorAssemblies (278ms)
				LogAssemblyErrors (0ms)
				InitializePlatformSupportModulesInManaged (5ms)
				SetLoadedEditorAssemblies (0ms)
				RefreshPlugins (1ms)
				BeforeProcessingInitializeOnLoad (69ms)
				ProcessInitializeOnLoadAttributes (176ms)
				ProcessInitializeOnLoadMethodAttributes (19ms)
				AfterProcessingInitializeOnLoad (7ms)
				EditorAssembliesLoaded (0ms)
			ExecutionOrderSort2 (0ms)
			AwakeInstancesAfterBackupRestoration (5ms)
Platform modules already initialized, skipping
========================================================================
Worker process is ready to serve import requests
Launched and connected shader compiler UnityShaderCompiler.exe after 0.03 seconds
Refreshing native plugins compatible for Editor in 0.97 ms, found 3 plugins.
Preloading 0 native plugins for Editor in 0.00 ms.
Unloading 3225 Unused Serialized files (Serialized files now loaded: 0)
Unloading 23 unused Assets / (112.5 KB). Loaded Objects now: 3685.
Memory consumption went from 112.3 MB to 112.1 MB.
Total: 2.880400 ms (FindLiveObjects: 0.230700 ms CreateObjectMapping: 0.071200 ms MarkObjects: 2.464700 ms  DeleteObjects: 0.112600 ms)

AssetImportParameters requested are different than current active one (requested -> active):
  custom:video-decoder-ogg-theora: a1e56fd34408186e4bbccfd4996cb3dc -> 
  custom:container-muxer-webm: aa71ff27fc2769a1b78a27578f13a17b -> 
  custom:container-demuxer-webm: 4f35f7cbe854078d1ac9338744f61a02 -> 
  custom:video-encoder-webm-vp8: eb34c28f22e8b96e1ab97ce403110664 -> 
  custom:audio-encoder-webm-vorbis: bf7c407c2cedff20999df2af8eb42d56 -> 
  custom:framework-win-MediaFoundation: 216162199b28c13a410421893ffa2e32 -> 
  custom:container-demuxer-ogg: 62fdf1f143b41e24485cea50d1cbac27 -> 
  custom:video-decoder-webm-vp8: 9c59270c3fd7afecdb556c50c9e8de78 -> 
  custom:audio-decoder-ogg-vorbis: bf7c407c2cedff20999df2af8eb42d56 -> 
========================================================================
Received Import Request.
  Time since last request: 138505.799462 seconds.
  path: Assets/Objects/casa1
  artifactKey: Guid(44bf098b049ed484998e71ac16593667) Importer(815301076,1909f56bfc062723c751e8b465ee728b)
Start importing Assets/Objects/casa1 using Guid(44bf098b049ed484998e71ac16593667) Importer(815301076,1909f56bfc062723c751e8b465ee728b)  -> (artifact id: '5ccda6ae8dd71d10cb77842fbdd0266b') in 0.010654 seconds 
========================================================================
Received Import Request.
  Time since last request: 0.000017 seconds.
  path: Assets/Objects/casa1/model
  artifactKey: Guid(d202c1c46ba31e346974dfe35aa15e47) Importer(815301076,1909f56bfc062723c751e8b465ee728b)
Start importing Assets/Objects/casa1/model using Guid(d202c1c46ba31e346974dfe35aa15e47) Importer(815301076,1909f56bfc062723c751e8b465ee728b)  -> (artifact id: '38a050c100004f73d67e6d252b3b4ff2') in 0.006333 seconds 
========================================================================
Received Import Request.
  Time since last request: 21.884015 seconds.
  path: Assets/Objects/cama/source
  artifactKey: Guid(68c122b1c9ecda843b120b1c07cb775c) Importer(815301076,1909f56bfc062723c751e8b465ee728b)
Start importing Assets/Objects/cama/source using Guid(68c122b1c9ecda843b120b1c07cb775c) Importer(815301076,1909f56bfc062723c751e8b465ee728b)  -> (artifact id: '44c40a66544044532eb9fd944f8f4fd0') in 0.005247 seconds 
========================================================================
Received Import Request.
  Time since last request: 0.097916 seconds.
  path: Assets/Objects/cama/source/Bed_low_poly.fbx
  artifactKey: Guid(ad00807cb1d5e2841bff61b59e980a99) Importer(815301076,1909f56bfc062723c751e8b465ee728b)
Start importing Assets/Objects/cama/source/Bed_low_poly.fbx using Guid(ad00807cb1d5e2841bff61b59e980a99) Importer(815301076,1909f56bfc062723c751e8b465ee728b)  -> (artifact id: '875d2539b95d7702397e74d83f9a429b') in 0.169058 seconds 
========================================================================
Received Import Request.
  Time since last request: 5.127705 seconds.
  path: Assets/Objects/casa2/Haus.obj
  artifactKey: Guid(889fea6fbecce0443abd08cfc1f8745c) Importer(815301076,1909f56bfc062723c751e8b465ee728b)
Start importing Assets/Objects/casa2/Haus.obj using Guid(889fea6fbecce0443abd08cfc1f8745c) Importer(815301076,1909f56bfc062723c751e8b465ee728b)  -> (artifact id: '011c3468493c2d30924b904f16b88dad') in 0.022293 seconds 
========================================================================
Received Import Request.
  Time since last request: 64.120895 seconds.
  path: Assets/Objects/casa3/model
  artifactKey: Guid(2e67a2dfd712a1a449ded91477d1a541) Importer(815301076,1909f56bfc062723c751e8b465ee728b)
Start importing Assets/Objects/casa3/model using Guid(2e67a2dfd712a1a449ded91477d1a541) Importer(815301076,1909f56bfc062723c751e8b465ee728b)  -> (artifact id: '2936ebc591e362b81308ba14f7ed1955') in 0.001894 seconds 
========================================================================
Received Import Request.
  Time since last request: 0.078057 seconds.
  path: Assets/Objects/casa3/model/model.dae
  artifactKey: Guid(a297ab6caec705748a73a2472bff46cf) Importer(815301076,1909f56bfc062723c751e8b465ee728b)
Start importing Assets/Objects/casa3/model/model.dae using Guid(a297ab6caec705748a73a2472bff46cf) Importer(815301076,1909f56bfc062723c751e8b465ee728b)  -> (artifact id: '37ab30dbb45beef213529ed8bea71e50') in 0.071872 seconds 
========================================================================
Received Import Request.
  Time since last request: 24.441621 seconds.
  path: Assets/Anims/IdleM.fbx
  artifactKey: Guid(ea83a58cc2fb2184899c2b33b499989c) Importer(815301076,1909f56bfc062723c751e8b465ee728b)
Start importing Assets/Anims/IdleM.fbx using Guid(ea83a58cc2fb2184899c2b33b499989c) Importer(815301076,1909f56bfc062723c751e8b465ee728b)  -> (artifact id: 'e8a852b9b2dc065581554565dc8e6c4e') in 0.010466 seconds 
========================================================================
Received Import Request.
  Time since last request: 0.000024 seconds.
  path: Assets/Anims/WalkingM.fbx
  artifactKey: Guid(f0aa571fe71679b43b1e8708e6e7d558) Importer(815301076,1909f56bfc062723c751e8b465ee728b)
Start importing Assets/Anims/WalkingM.fbx using Guid(f0aa571fe71679b43b1e8708e6e7d558) Importer(815301076,1909f56bfc062723c751e8b465ee728b)  -> (artifact id: '46f17bf1409f3eb9e623ab4f4433adf2') in 0.011487 seconds 
========================================================================
Received Import Request.
  Time since last request: 45.474030 seconds.
  path: Assets/Anims/Timeline.playable
  artifactKey: Guid(305132c7dffaa6f45918b40e4592a3da) Importer(815301076,1909f56bfc062723c751e8b465ee728b)
Start importing Assets/Anims/Timeline.playable using Guid(305132c7dffaa6f45918b40e4592a3da) Importer(815301076,1909f56bfc062723c751e8b465ee728b)  -> (artifact id: '19406fcfaf8c04368401de2fcfa5c7b4') in 0.012807 seconds 
